# JRE version: OpenJDK Runtime Environment Temurin-21.0.3+9 (21.0.3+9) (build 21.0.3+9-LTS)
# Java VM: OpenJDK 64-Bit Server VM Temurin-21.0.3+9 (21.0.3+9-LTS, mixed mode, emulated-client, tiered, compressed oops, compressed class ptrs, g1 gc, windows-amd64)
GC Precious Log:
 CardTable entry size: 512
 Card Set container configuration: InlinePtr #cards 5 size 8 Array Of Cards #cards 12 size 40 Howl #buckets 4 coarsen threshold 1843 Howl Bitmap #cards 512 size 80 coarsen threshold 460 Card regions per heap region 1 cards per card region 2048
 CPUs: 4 total, 4 available
 Memory: 7075M
 Large Page Support: Disabled
 NUMA Support: Disabled
 Compressed Oops: Enabled (32-bit)
 Heap Region Size: 1M
 Heap Min Capacity: 8M
 Heap Initial Capacity: 112M
 Heap Max Capacity: 1770M
 Pre-touch: Disabled
 Parallel Workers: 4
 Concurrent Workers: 1
 Concurrent Refinement Workers: 4
 Periodic GC: Disabled
Heap:
 garbage-first heap   total 95232K, used 67091K [0x0000000091600000, 0x0000000100000000)
  region size 1024K, 20 young (20480K), 1 survivors (1024K)
 Metaspace       used 89327K, committed 90240K, reserved 1179648K
  class space    used 12298K, committed 12672K, reserved 1048576K
GC Heap History (20 events):
Event: 9.011 GC heap before
{Heap before GC invocations=13 (full 0):
 garbage-first heap   total 78848K, used 66764K [0x0000000091600000, 0x0000000100000000)
  region size 1024K, 38 young (38912K), 5 survivors (5120K)
 Metaspace       used 54077K, committed 54720K, reserved 1114112K
  class space    used 7164K, committed 7424K, reserved 1048576K
}
Event: 9.020 GC heap after
{Heap after GC invocations=14 (full 0):
 garbage-first heap   total 78848K, used 34816K [0x0000000091600000, 0x0000000100000000)
  region size 1024K, 2 young (2048K), 2 survivors (2048K)
 Metaspace       used 54077K, committed 54720K, reserved 1114112K
  class space    used 7164K, committed 7424K, reserved 1048576K
}
Event: 9.611 GC heap before
{Heap before GC invocations=14 (full 0):
 garbage-first heap   total 78848K, used 47104K [0x0000000091600000, 0x0000000100000000)
  region size 1024K, 15 young (15360K), 2 survivors (2048K)
 Metaspace       used 59541K, committed 60160K, reserved 1114112K
  class space    used 7794K, committed 8064K, reserved 1048576K
}
Event: 9.619 GC heap after
{Heap after GC invocations=15 (full 0):
 garbage-first heap   total 78848K, used 36641K [0x0000000091600000, 0x0000000100000000)
  region size 1024K, 4 young (4096K), 4 survivors (4096K)
 Metaspace       used 59541K, committed 60160K, reserved 1114112K
  class space    used 7794K, committed 8064K, reserved 1048576K
}
Event: 10.855 GC heap before
{Heap before GC invocations=16 (full 0):
 garbage-first heap   total 78848K, used 68385K [0x0000000091600000, 0x0000000100000000)
  region size 1024K, 36 young (36864K), 4 survivors (4096K)
 Metaspace       used 66635K, committed 67200K, reserved 1114112K
  class space    used 8768K, committed 9024K, reserved 1048576K
}
Event: 10.865 GC heap after
{Heap after GC invocations=17 (full 0):
 garbage-first heap   total 78848K, used 39044K [0x0000000091600000, 0x0000000100000000)
  region size 1024K, 5 young (5120K), 5 survivors (5120K)
 Metaspace       used 66635K, committed 67200K, reserved 1114112K
  class space    used 8768K, committed 9024K, reserved 1048576K
}
Event: 12.085 GC heap before
{Heap before GC invocations=17 (full 0):
 garbage-first heap   total 78848K, used 67716K [0x0000000091600000, 0x0000000100000000)
  region size 1024K, 33 young (33792K), 5 survivors (5120K)
 Metaspace       used 74937K, committed 75584K, reserved 1114112K
  class space    used 10095K, committed 10368K, reserved 1048576K
}
Event: 12.097 GC heap after
{Heap after GC invocations=18 (full 0):
 garbage-first heap   total 78848K, used 39829K [0x0000000091600000, 0x0000000100000000)
  region size 1024K, 4 young (4096K), 4 survivors (4096K)
 Metaspace       used 74937K, committed 75584K, reserved 1114112K
  class space    used 10095K, committed 10368K, reserved 1048576K
}
Event: 12.923 GC heap before
{Heap before GC invocations=18 (full 0):
 garbage-first heap   total 78848K, used 68501K [0x0000000091600000, 0x0000000100000000)
  region size 1024K, 32 young (32768K), 4 survivors (4096K)
 Metaspace       used 78640K, committed 79360K, reserved 1179648K
  class space    used 10613K, committed 10944K, reserved 1048576K
}
Event: 12.944 GC heap after
{Heap after GC invocations=19 (full 0):
 garbage-first heap   total 78848K, used 42254K [0x0000000091600000, 0x0000000100000000)
  region size 1024K, 4 young (4096K), 4 survivors (4096K)
 Metaspace       used 78640K, committed 79360K, reserved 1179648K
  class space    used 10613K, committed 10944K, reserved 1048576K
}
Event: 13.778 GC heap before
{Heap before GC invocations=20 (full 0):
 garbage-first heap   total 78848K, used 68878K [0x0000000091600000, 0x0000000100000000)
  region size 1024K, 30 young (30720K), 4 survivors (4096K)
 Metaspace       used 80262K, committed 81024K, reserved 1179648K
  class space    used 10937K, committed 11264K, reserved 1048576K
}
Event: 13.790 GC heap after
{Heap after GC invocations=21 (full 0):
 garbage-first heap   total 78848K, used 44544K [0x0000000091600000, 0x0000000100000000)
  region size 1024K, 3 young (3072K), 3 survivors (3072K)
 Metaspace       used 80262K, committed 81024K, reserved 1179648K
  class space    used 10937K, committed 11264K, reserved 1048576K
}
Event: 14.482 GC heap before
{Heap before GC invocations=21 (full 0):
 garbage-first heap   total 78848K, used 69120K [0x0000000091600000, 0x0000000100000000)
  region size 1024K, 27 young (27648K), 3 survivors (3072K)
 Metaspace       used 82427K, committed 83200K, reserved 1179648K
  class space    used 11247K, committed 11584K, reserved 1048576K
}
Event: 14.492 GC heap after
{Heap after GC invocations=22 (full 0):
 garbage-first heap   total 78848K, used 45627K [0x0000000091600000, 0x0000000100000000)
  region size 1024K, 4 young (4096K), 4 survivors (4096K)
 Metaspace       used 82427K, committed 83200K, reserved 1179648K
  class space    used 11247K, committed 11584K, reserved 1048576K
}
Event: 15.221 GC heap before
{Heap before GC invocations=22 (full 0):
 garbage-first heap   total 78848K, used 69179K [0x0000000091600000, 0x0000000100000000)
  region size 1024K, 27 young (27648K), 4 survivors (4096K)
 Metaspace       used 84464K, committed 85248K, reserved 1179648K
  class space    used 11577K, committed 11904K, reserved 1048576K
}
Event: 15.232 GC heap after
{Heap after GC invocations=23 (full 0):
 garbage-first heap   total 95232K, used 46585K [0x0000000091600000, 0x0000000100000000)
  region size 1024K, 3 young (3072K), 3 survivors (3072K)
 Metaspace       used 84464K, committed 85248K, reserved 1179648K
  class space    used 11577K, committed 11904K, reserved 1048576K
}
Event: 195.775 GC heap before
{Heap before GC invocations=24 (full 0):
 garbage-first heap   total 95232K, used 84473K [0x0000000091600000, 0x0000000100000000)
  region size 1024K, 41 young (41984K), 3 survivors (3072K)
 Metaspace       used 89326K, committed 90240K, reserved 1179648K
  class space    used 12298K, committed 12672K, reserved 1048576K
}
Event: 195.793 GC heap after
{Heap after GC invocations=25 (full 0):
 garbage-first heap   total 95232K, used 49575K [0x0000000091600000, 0x0000000100000000)
  region size 1024K, 6 young (6144K), 6 survivors (6144K)
 Metaspace       used 89326K, committed 90240K, reserved 1179648K
  class space    used 12298K, committed 12672K, reserved 1048576K
}
Event: 991.943 GC heap before
{Heap before GC invocations=25 (full 0):
 garbage-first heap   total 95232K, used 82343K [0x0000000091600000, 0x0000000100000000)
  region size 1024K, 38 young (38912K), 6 survivors (6144K)
 Metaspace       used 89326K, committed 90240K, reserved 1179648K
  class space    used 12298K, committed 12672K, reserved 1048576K
}
Event: 991.970 GC heap after
{Heap after GC invocations=26 (full 0):
 garbage-first heap   total 95232K, used 48659K [0x0000000091600000, 0x0000000100000000)
  region size 1024K, 1 young (1024K), 1 survivors (1024K)
 Metaspace       used 89326K, committed 90240K, reserved 1179648K
  class space    used 12298K, committed 12672K, reserved 1048576K
}

